<?xml version="1.0" encoding="UTF-8"?>
<coverage generated="1658296183883" clover="3.2.0">
  <project timestamp="1658296183884" name="All files">
    <metrics statements="66" coveredstatements="54" conditionals="30" coveredconditionals="19" methods="14" coveredmethods="9" elements="110" coveredelements="82" complexity="0" loc="66" ncloc="66" packages="1" files="3" classes="3"/>
    <file name="constants.js" path="/Users/admin/Documents/GitHub/react-otp-dynamodb/src/constants.js">
      <metrics statements="1" coveredstatements="1" conditionals="0" coveredconditionals="0" methods="0" coveredmethods="0"/>
      <line num="1" count="1" type="stmt"/>
    </file>
    <file name="index.js" path="/Users/admin/Documents/GitHub/react-otp-dynamodb/src/index.js">
      <metrics statements="55" coveredstatements="49" conditionals="30" coveredconditionals="19" methods="10" coveredmethods="8"/>
      <line num="11" count="1" type="stmt"/>
      <line num="13" count="22" type="stmt"/>
      <line num="14" count="22" type="stmt"/>
      <line num="15" count="22" type="stmt"/>
      <line num="19" count="1" type="stmt"/>
      <line num="20" count="1" type="stmt"/>
      <line num="21" count="1" type="stmt"/>
      <line num="22" count="4" type="stmt"/>
      <line num="24" count="1" type="stmt"/>
      <line num="29" count="1" type="stmt"/>
      <line num="30" count="1" type="cond" truecount="3" falsecount="1"/>
      <line num="31" count="1" type="stmt"/>
      <line num="32" count="31" type="stmt"/>
      <line num="33" count="31" type="cond" truecount="2" falsecount="0"/>
      <line num="34" count="11" type="stmt"/>
      <line num="35" count="11" type="stmt"/>
      <line num="37" count="20" type="stmt"/>
      <line num="38" count="20" type="stmt"/>
      <line num="40" count="31" type="cond" truecount="2" falsecount="0"/>
      <line num="47" count="1" type="stmt"/>
      <line num="49" count="1" type="cond" truecount="1" falsecount="1"/>
      <line num="51" count="0" type="stmt"/>
      <line num="52" count="0" type="cond" truecount="0" falsecount="2"/>
      <line num="56" count="1" type="stmt"/>
      <line num="57" count="1" type="stmt"/>
      <line num="59" count="1" type="stmt"/>
      <line num="61" count="1" type="stmt"/>
      <line num="63" count="1" type="stmt"/>
      <line num="64" count="1" type="stmt"/>
      <line num="65" count="0" type="stmt"/>
      <line num="72" count="22" type="stmt"/>
      <line num="74" count="6" type="stmt"/>
      <line num="76" count="6" type="stmt"/>
      <line num="78" count="6" type="cond" truecount="2" falsecount="0"/>
      <line num="80" count="2" type="stmt"/>
      <line num="81" count="2" type="cond" truecount="1" falsecount="1"/>
      <line num="85" count="4" type="stmt"/>
      <line num="86" count="4" type="cond" truecount="1" falsecount="1"/>
      <line num="88" count="0" type="stmt"/>
      <line num="89" count="0" type="cond" truecount="0" falsecount="2"/>
      <line num="93" count="4" type="cond" truecount="2" falsecount="0"/>
      <line num="95" count="1" type="stmt"/>
      <line num="97" count="1" type="stmt"/>
      <line num="99" count="1" type="stmt"/>
      <line num="100" count="1" type="cond" truecount="1" falsecount="1"/>
      <line num="103" count="1" type="stmt"/>
      <line num="106" count="1" type="stmt"/>
      <line num="108" count="1" type="stmt"/>
      <line num="110" count="1" type="cond" truecount="1" falsecount="1"/>
      <line num="113" count="3" type="stmt"/>
      <line num="114" count="3" type="cond" truecount="1" falsecount="1"/>
      <line num="125" count="22" type="stmt"/>
      <line num="136" count="6" type="stmt"/>
      <line num="144" count="1" type="stmt"/>
      <line num="146" count="0" type="stmt"/>
    </file>
    <file name="services.js" path="/Users/admin/Documents/GitHub/react-otp-dynamodb/src/services.js">
      <metrics statements="10" coveredstatements="4" conditionals="0" coveredconditionals="0" methods="4" coveredmethods="1"/>
      <line num="9" count="1" type="stmt"/>
      <line num="16" count="1" type="stmt"/>
      <line num="17" count="1" type="stmt"/>
      <line num="22" count="0" type="stmt"/>
      <line num="38" count="0" type="stmt"/>
      <line num="43" count="0" type="stmt"/>
      <line num="61" count="0" type="stmt"/>
      <line num="67" count="0" type="stmt"/>
      <line num="83" count="0" type="stmt"/>
      <line num="87" count="1" type="stmt"/>
    </file>
  </project>
</coverage>
