{"/Users/admin/Documents/GitHub/react-otp-dynamodb/src/constants.js": {"path":"/Users/admin/Documents/GitHub/react-otp-dynamodb/src/constants.js","statementMap":{"0":{"start":{"line":1,"column":18},"end":{"line":6,"column":1}}},"fnMap":{},"branchMap":{},"s":{"0":1},"f":{},"b":{},"_coverageSchema":"43e27e138ebf9cfc5966b082cf9a028302ed4184","hash":"ac954459fc11d2fde4f3d6c4d78180ce6fb0a8c9"}
,"/Users/admin/Documents/GitHub/react-otp-dynamodb/src/index.js": {"path":"/Users/admin/Documents/GitHub/react-otp-dynamodb/src/index.js","statementMap":{"0":{"start":{"line":11,"column":19},"end":{"line":153,"column":1}},"1":{"start":{"line":13,"column":24},"end":{"line":13,"column":36}},"2":{"start":{"line":14,"column":28},"end":{"line":14,"column":40}},"3":{"start":{"line":15,"column":56},"end":{"line":15,"column":67}},"4":{"start":{"line":19,"column":17},"end":{"line":19,"column":29}},"5":{"start":{"line":20,"column":14},"end":{"line":20,"column":16}},"6":{"start":{"line":21,"column":4},"end":{"line":23,"column":5}},"7":{"start":{"line":21,"column":17},"end":{"line":21,"column":18}},"8":{"start":{"line":22,"column":8},"end":{"line":22,"column":54}},"9":{"start":{"line":24,"column":4},"end":{"line":24,"column":15}},"10":{"start":{"line":29,"column":12},"end":{"line":29,"column":32}},"11":{"start":{"line":30,"column":13},"end":{"line":30,"column":103}},"12":{"start":{"line":31,"column":4},"end":{"line":41,"column":7}},"13":{"start":{"line":32,"column":16},"end":{"line":32,"column":34}},"14":{"start":{"line":33,"column":8},"end":{"line":39,"column":9}},"15":{"start":{"line":34,"column":12},"end":{"line":34,"column":31}},"16":{"start":{"line":35,"column":12},"end":{"line":35,"column":33}},"17":{"start":{"line":37,"column":12},"end":{"line":37,"column":32}},"18":{"start":{"line":38,"column":12},"end":{"line":38,"column":35}},"19":{"start":{"line":40,"column":8},"end":{"line":40,"column":62}},"20":{"start":{"line":47,"column":30},"end":{"line":47,"column":120}},"21":{"start":{"line":49,"column":4},"end":{"line":68,"column":5}},"22":{"start":{"line":51,"column":6},"end":{"line":51,"column":47}},"23":{"start":{"line":52,"column":6},"end":{"line":52,"column":76}},"24":{"start":{"line":52,"column":39},"end":{"line":52,"column":76}},"25":{"start":{"line":56,"column":23},"end":{"line":56,"column":36}},"26":{"start":{"line":57,"column":21},"end":{"line":57,"column":67}},"27":{"start":{"line":59,"column":6},"end":{"line":59,"column":102}},"28":{"start":{"line":61,"column":6},"end":{"line":61,"column":272}},"29":{"start":{"line":63,"column":6},"end":{"line":63,"column":32}},"30":{"start":{"line":64,"column":6},"end":{"line":66,"column":14}},"31":{"start":{"line":65,"column":8},"end":{"line":65,"column":34}},"32":{"start":{"line":72,"column":18},"end":{"line":122,"column":3}},"33":{"start":{"line":74,"column":4},"end":{"line":74,"column":16}},"34":{"start":{"line":76,"column":30},"end":{"line":76,"column":120}},"35":{"start":{"line":78,"column":4},"end":{"line":120,"column":5}},"36":{"start":{"line":80,"column":6},"end":{"line":80,"column":47}},"37":{"start":{"line":81,"column":6},"end":{"line":81,"column":76}},"38":{"start":{"line":81,"column":39},"end":{"line":81,"column":76}},"39":{"start":{"line":85,"column":23},"end":{"line":85,"column":58}},"40":{"start":{"line":86,"column":6},"end":{"line":117,"column":7}},"41":{"start":{"line":88,"column":8},"end":{"line":88,"column":45}},"42":{"start":{"line":89,"column":8},"end":{"line":89,"column":86}},"43":{"start":{"line":89,"column":41},"end":{"line":89,"column":86}},"44":{"start":{"line":93,"column":8},"end":{"line":115,"column":9}},"45":{"start":{"line":95,"column":10},"end":{"line":95,"column":87}},"46":{"start":{"line":97,"column":23},"end":{"line":97,"column":37}},"47":{"start":{"line":99,"column":25},"end":{"line":99,"column":54}},"48":{"start":{"line":100,"column":10},"end":{"line":104,"column":11}},"49":{"start":{"line":103,"column":12},"end":{"line":103,"column":26}},"50":{"start":{"line":106,"column":10},"end":{"line":106,"column":30}},"51":{"start":{"line":108,"column":10},"end":{"line":108,"column":95}},"52":{"start":{"line":110,"column":10},"end":{"line":110,"column":89}},"53":{"start":{"line":110,"column":43},"end":{"line":110,"column":89}},"54":{"start":{"line":113,"column":10},"end":{"line":113,"column":49}},"55":{"start":{"line":114,"column":10},"end":{"line":114,"column":84}},"56":{"start":{"line":114,"column":43},"end":{"line":114,"column":84}},"57":{"start":{"line":125,"column":2},"end":{"line":152,"column":3}},"58":{"start":{"line":136,"column":78},"end":{"line":136,"column":87}},"59":{"start":{"line":144,"column":107},"end":{"line":144,"column":117}},"60":{"start":{"line":146,"column":96},"end":{"line":146,"column":105}}},"fnMap":{"0":{"name":"(anonymous_0)","decl":{"start":{"line":11,"column":19},"end":{"line":11,"column":20}},"loc":{"start":{"line":11,"column":30},"end":{"line":153,"column":1}},"line":11},"1":{"name":"generateOTP","decl":{"start":{"line":17,"column":11},"end":{"line":17,"column":22}},"loc":{"start":{"line":17,"column":25},"end":{"line":26,"column":3}},"line":17},"2":{"name":"generateUUID","decl":{"start":{"line":28,"column":11},"end":{"line":28,"column":23}},"loc":{"start":{"line":28,"column":26},"end":{"line":42,"column":3}},"line":28},"3":{"name":"(anonymous_3)","decl":{"start":{"line":31,"column":67},"end":{"line":31,"column":68}},"loc":{"start":{"line":31,"column":79},"end":{"line":41,"column":5}},"line":31},"4":{"name":"onResend","decl":{"start":{"line":45,"column":17},"end":{"line":45,"column":25}},"loc":{"start":{"line":45,"column":28},"end":{"line":70,"column":3}},"line":45},"5":{"name":"(anonymous_5)","decl":{"start":{"line":64,"column":17},"end":{"line":64,"column":18}},"loc":{"start":{"line":64,"column":23},"end":{"line":66,"column":7}},"line":64},"6":{"name":"(anonymous_6)","decl":{"start":{"line":72,"column":18},"end":{"line":72,"column":19}},"loc":{"start":{"line":72,"column":31},"end":{"line":122,"column":3}},"line":72},"7":{"name":"(anonymous_7)","decl":{"start":{"line":136,"column":71},"end":{"line":136,"column":72}},"loc":{"start":{"line":136,"column":77},"end":{"line":136,"column":88}},"line":136},"8":{"name":"(anonymous_8)","decl":{"start":{"line":144,"column":100},"end":{"line":144,"column":101}},"loc":{"start":{"line":144,"column":106},"end":{"line":144,"column":118}},"line":144},"9":{"name":"(anonymous_9)","decl":{"start":{"line":146,"column":89},"end":{"line":146,"column":90}},"loc":{"start":{"line":146,"column":95},"end":{"line":146,"column":106}},"line":146}},"branchMap":{"0":{"loc":{"start":{"line":30,"column":13},"end":{"line":30,"column":103}},"type":"binary-expr","locations":[{"start":{"line":30,"column":15},"end":{"line":30,"column":49}},{"start":{"line":30,"column":54},"end":{"line":30,"column":69}},{"start":{"line":30,"column":74},"end":{"line":30,"column":96}},{"start":{"line":30,"column":102},"end":{"line":30,"column":103}}],"line":30},"1":{"loc":{"start":{"line":33,"column":8},"end":{"line":39,"column":9}},"type":"if","locations":[{"start":{"line":33,"column":8},"end":{"line":39,"column":9}},{"start":{"line":33,"column":8},"end":{"line":39,"column":9}}],"line":33},"2":{"loc":{"start":{"line":40,"column":16},"end":{"line":40,"column":47}},"type":"cond-expr","locations":[{"start":{"line":40,"column":28},"end":{"line":40,"column":29}},{"start":{"line":40,"column":33},"end":{"line":40,"column":46}}],"line":40},"3":{"loc":{"start":{"line":49,"column":4},"end":{"line":68,"column":5}},"type":"if","locations":[{"start":{"line":49,"column":4},"end":{"line":68,"column":5}},{"start":{"line":49,"column":4},"end":{"line":68,"column":5}}],"line":49},"4":{"loc":{"start":{"line":52,"column":6},"end":{"line":52,"column":76}},"type":"if","locations":[{"start":{"line":52,"column":6},"end":{"line":52,"column":76}},{"start":{"line":52,"column":6},"end":{"line":52,"column":76}}],"line":52},"5":{"loc":{"start":{"line":78,"column":4},"end":{"line":120,"column":5}},"type":"if","locations":[{"start":{"line":78,"column":4},"end":{"line":120,"column":5}},{"start":{"line":78,"column":4},"end":{"line":120,"column":5}}],"line":78},"6":{"loc":{"start":{"line":81,"column":6},"end":{"line":81,"column":76}},"type":"if","locations":[{"start":{"line":81,"column":6},"end":{"line":81,"column":76}},{"start":{"line":81,"column":6},"end":{"line":81,"column":76}}],"line":81},"7":{"loc":{"start":{"line":86,"column":6},"end":{"line":117,"column":7}},"type":"if","locations":[{"start":{"line":86,"column":6},"end":{"line":117,"column":7}},{"start":{"line":86,"column":6},"end":{"line":117,"column":7}}],"line":86},"8":{"loc":{"start":{"line":89,"column":8},"end":{"line":89,"column":86}},"type":"if","locations":[{"start":{"line":89,"column":8},"end":{"line":89,"column":86}},{"start":{"line":89,"column":8},"end":{"line":89,"column":86}}],"line":89},"9":{"loc":{"start":{"line":93,"column":8},"end":{"line":115,"column":9}},"type":"if","locations":[{"start":{"line":93,"column":8},"end":{"line":115,"column":9}},{"start":{"line":93,"column":8},"end":{"line":115,"column":9}}],"line":93},"10":{"loc":{"start":{"line":100,"column":10},"end":{"line":104,"column":11}},"type":"if","locations":[{"start":{"line":100,"column":10},"end":{"line":104,"column":11}},{"start":{"line":100,"column":10},"end":{"line":104,"column":11}}],"line":100},"11":{"loc":{"start":{"line":110,"column":10},"end":{"line":110,"column":89}},"type":"if","locations":[{"start":{"line":110,"column":10},"end":{"line":110,"column":89}},{"start":{"line":110,"column":10},"end":{"line":110,"column":89}}],"line":110},"12":{"loc":{"start":{"line":114,"column":10},"end":{"line":114,"column":84}},"type":"if","locations":[{"start":{"line":114,"column":10},"end":{"line":114,"column":84}},{"start":{"line":114,"column":10},"end":{"line":114,"column":84}}],"line":114},"13":{"loc":{"start":{"line":138,"column":11},"end":{"line":141,"column":16}},"type":"binary-expr","locations":[{"start":{"line":138,"column":11},"end":{"line":138,"column":34}},{"start":{"line":139,"column":10},"end":{"line":141,"column":16}}],"line":138}},"s":{"0":1,"1":22,"2":22,"3":22,"4":1,"5":1,"6":1,"7":1,"8":4,"9":1,"10":1,"11":1,"12":1,"13":31,"14":31,"15":11,"16":11,"17":20,"18":20,"19":31,"20":1,"21":1,"22":0,"23":0,"24":0,"25":1,"26":1,"27":1,"28":1,"29":1,"30":1,"31":0,"32":22,"33":6,"34":6,"35":6,"36":2,"37":2,"38":2,"39":4,"40":4,"41":0,"42":0,"43":0,"44":4,"45":1,"46":1,"47":1,"48":1,"49":1,"50":1,"51":1,"52":1,"53":1,"54":3,"55":3,"56":3,"57":22,"58":6,"59":1,"60":0},"f":{"0":22,"1":1,"2":1,"3":31,"4":1,"5":0,"6":6,"7":6,"8":1,"9":0},"b":{"0":[1,1,1,0],"1":[11,20],"2":[30,1],"3":[0,1],"4":[0,0],"5":[2,4],"6":[2,0],"7":[0,4],"8":[0,0],"9":[1,3],"10":[0,1],"11":[1,0],"12":[3,0],"13":[22,1]},"_coverageSchema":"43e27e138ebf9cfc5966b082cf9a028302ed4184","hash":"a5eaf8fca7a614e8e09f073d15aef07fe466b843"}
,"/Users/admin/Documents/GitHub/react-otp-dynamodb/src/services.js": {"path":"/Users/admin/Documents/GitHub/react-otp-dynamodb/src/services.js","statementMap":{"0":{"start":{"line":9,"column":28},"end":{"line":14,"column":5}},"1":{"start":{"line":16,"column":28},"end":{"line":16,"column":90}},"2":{"start":{"line":17,"column":4},"end":{"line":17,"column":29}},"3":{"start":{"line":22,"column":34},"end":{"line":36,"column":7}},"4":{"start":{"line":38,"column":4},"end":{"line":38,"column":75}},"5":{"start":{"line":43,"column":29},"end":{"line":59,"column":5}},"6":{"start":{"line":61,"column":4},"end":{"line":61,"column":70}},"7":{"start":{"line":67,"column":34},"end":{"line":81,"column":5}},"8":{"start":{"line":83,"column":4},"end":{"line":83,"column":75}},"9":{"start":{"line":87,"column":24},"end":{"line":92,"column":1}}},"fnMap":{"0":{"name":"getCredentials","decl":{"start":{"line":7,"column":15},"end":{"line":7,"column":29}},"loc":{"start":{"line":7,"column":58},"end":{"line":19,"column":1}},"line":7},"1":{"name":"resetOtpExpiry","decl":{"start":{"line":21,"column":15},"end":{"line":21,"column":29}},"loc":{"start":{"line":21,"column":51},"end":{"line":39,"column":1}},"line":21},"2":{"name":"updateToken","decl":{"start":{"line":41,"column":15},"end":{"line":41,"column":26}},"loc":{"start":{"line":41,"column":58},"end":{"line":63,"column":1}},"line":41},"3":{"name":"updateOtpExpiry","decl":{"start":{"line":65,"column":15},"end":{"line":65,"column":30}},"loc":{"start":{"line":65,"column":65},"end":{"line":85,"column":1}},"line":65}},"branchMap":{},"s":{"0":1,"1":1,"2":1,"3":0,"4":0,"5":0,"6":0,"7":0,"8":0,"9":1},"f":{"0":1,"1":0,"2":0,"3":0},"b":{},"_coverageSchema":"43e27e138ebf9cfc5966b082cf9a028302ed4184","hash":"d6b807b0f339db3e7c2bfd4accd5e109d2284d01"}
}
