TN:
SF:/Users/admin/Documents/GitHub/react-otp-dynamodb/src/constants.js
FNF:0
FNH:0
DA:1,1
LF:1
LH:1
BRF:0
BRH:0
end_of_record
TN:
SF:/Users/admin/Documents/GitHub/react-otp-dynamodb/src/index.js
FN:11,(anonymous_0)
FN:17,generateOTP
FN:28,generateUUID
FN:31,(anonymous_3)
FN:45,onResend
FN:64,(anonymous_5)
FN:72,(anonymous_6)
FN:136,(anonymous_7)
FN:144,(anonymous_8)
FN:146,(anonymous_9)
FNF:10
FNH:8
FNDA:22,(anonymous_0)
FNDA:1,generateOTP
FNDA:1,generateUUID
FNDA:31,(anonymous_3)
FNDA:1,onResend
FNDA:0,(anonymous_5)
FNDA:6,(anonymous_6)
FNDA:6,(anonymous_7)
FNDA:1,(anonymous_8)
FNDA:0,(anonymous_9)
DA:11,1
DA:13,22
DA:14,22
DA:15,22
DA:19,1
DA:20,1
DA:21,1
DA:22,4
DA:24,1
DA:29,1
DA:30,1
DA:31,1
DA:32,31
DA:33,31
DA:34,11
DA:35,11
DA:37,20
DA:38,20
DA:40,31
DA:47,1
DA:49,1
DA:51,0
DA:52,0
DA:56,1
DA:57,1
DA:59,1
DA:61,1
DA:63,1
DA:64,1
DA:65,0
DA:72,22
DA:74,6
DA:76,6
DA:78,6
DA:80,2
DA:81,2
DA:85,4
DA:86,4
DA:88,0
DA:89,0
DA:93,4
DA:95,1
DA:97,1
DA:99,1
DA:100,1
DA:103,1
DA:106,1
DA:108,1
DA:110,1
DA:113,3
DA:114,3
DA:125,22
DA:136,6
DA:144,1
DA:146,0
LF:55
LH:49
BRDA:30,0,0,1
BRDA:30,0,1,1
BRDA:30,0,2,1
BRDA:30,0,3,0
BRDA:33,1,0,11
BRDA:33,1,1,20
BRDA:40,2,0,30
BRDA:40,2,1,1
BRDA:49,3,0,0
BRDA:49,3,1,1
BRDA:52,4,0,0
BRDA:52,4,1,0
BRDA:78,5,0,2
BRDA:78,5,1,4
BRDA:81,6,0,2
BRDA:81,6,1,0
BRDA:86,7,0,0
BRDA:86,7,1,4
BRDA:89,8,0,0
BRDA:89,8,1,0
BRDA:93,9,0,1
BRDA:93,9,1,3
BRDA:100,10,0,0
BRDA:100,10,1,1
BRDA:110,11,0,1
BRDA:110,11,1,0
BRDA:114,12,0,3
BRDA:114,12,1,0
BRDA:138,13,0,22
BRDA:138,13,1,1
BRF:30
BRH:19
end_of_record
TN:
SF:/Users/admin/Documents/GitHub/react-otp-dynamodb/src/services.js
FN:7,getCredentials
FN:21,resetOtpExpiry
FN:41,updateToken
FN:65,updateOtpExpiry
FNF:4
FNH:1
FNDA:1,getCredentials
FNDA:0,resetOtpExpiry
FNDA:0,updateToken
FNDA:0,updateOtpExpiry
DA:9,1
DA:16,1
DA:17,1
DA:22,0
DA:38,0
DA:43,0
DA:61,0
DA:67,0
DA:83,0
DA:87,1
LF:10
LH:4
BRF:0
BRH:0
end_of_record
